<?xml version="1.0" encoding="UTF-8"?>
<coverage generated="1749744667474" clover="3.2.0">
  <project timestamp="1749744667474" name="All files">
    <metrics statements="141" coveredstatements="81" conditionals="134" coveredconditionals="30" methods="69" coveredmethods="27" elements="344" coveredelements="138" complexity="0" loc="141" ncloc="141" packages="4" files="6" classes="6"/>
    <package name="components">
      <metrics statements="49" coveredstatements="42" conditionals="36" coveredconditionals="24" methods="27" coveredmethods="21"/>
      <file name="AssessmentFilters.tsx" path="/Users/mac/Desktop/Work/gamalearn-exam/src/components/AssessmentFilters.tsx">
        <metrics statements="13" coveredstatements="12" conditionals="16" coveredconditionals="12" methods="9" coveredmethods="8"/>
        <line num="2" count="1" type="stmt"/>
        <line num="28" count="1" type="stmt"/>
        <line num="29" count="5" type="stmt"/>
        <line num="30" count="0" type="stmt"/>
        <line num="32" count="10" type="stmt"/>
        <line num="33" count="10" type="stmt"/>
        <line num="34" count="10" type="stmt"/>
        <line num="36" count="5" type="stmt"/>
        <line num="54" count="10" type="stmt"/>
        <line num="73" count="10" type="stmt"/>
        <line num="92" count="10" type="stmt"/>
        <line num="111" count="10" type="stmt"/>
        <line num="133" count="1" type="stmt"/>
      </file>
      <file name="ExamineesFilters.tsx" path="/Users/mac/Desktop/Work/gamalearn-exam/src/components/ExamineesFilters.tsx">
        <metrics statements="36" coveredstatements="30" conditionals="20" coveredconditionals="12" methods="18" coveredmethods="13"/>
        <line num="1" count="1" type="stmt"/>
        <line num="2" count="1" type="stmt"/>
        <line num="15" count="1" type="stmt"/>
        <line num="32" count="1" type="stmt"/>
        <line num="33" count="10" type="stmt"/>
        <line num="35" count="9" type="cond" truecount="2" falsecount="0"/>
        <line num="36" count="2" type="stmt"/>
        <line num="39" count="7" type="stmt"/>
        <line num="43" count="1" type="stmt"/>
        <line num="51" count="1" type="stmt"/>
        <line num="52" count="7" type="stmt"/>
        <line num="53" count="14" type="stmt"/>
        <line num="54" count="14" type="stmt"/>
        <line num="56" count="7" type="stmt"/>
        <line num="58" count="7" type="stmt"/>
        <line num="59" count="6" type="stmt"/>
        <line num="60" count="0" type="stmt"/>
        <line num="63" count="6" type="stmt"/>
        <line num="66" count="7" type="stmt"/>
        <line num="67" count="7" type="cond" truecount="1" falsecount="1"/>
        <line num="70" count="7" type="stmt"/>
        <line num="71" count="0" type="stmt"/>
        <line num="74" count="7" type="stmt"/>
        <line num="75" count="0" type="cond" truecount="0" falsecount="2"/>
        <line num="78" count="7" type="stmt"/>
        <line num="97" count="14" type="stmt"/>
        <line num="119" count="14" type="stmt"/>
        <line num="121" count="0" type="stmt"/>
        <line num="123" count="0" type="cond" truecount="0" falsecount="2"/>
        <line num="124" count="0" type="stmt"/>
        <line num="128" count="13" type="stmt"/>
        <line num="150" count="14" type="stmt"/>
        <line num="162" count="1" type="cond" truecount="3" falsecount="1"/>
        <line num="163" count="1" type="stmt"/>
        <line num="164" count="1" type="stmt"/>
        <line num="179" count="1" type="stmt"/>
      </file>
    </package>
    <package name="components.DropdownTreeSelect">
      <metrics statements="40" coveredstatements="22" conditionals="45" coveredconditionals="6" methods="22" coveredmethods="6"/>
      <file name="DropDownTreeSelect.tsx" path="/Users/mac/Desktop/Work/gamalearn-exam/src/components/DropdownTreeSelect/DropDownTreeSelect.tsx">
        <metrics statements="40" coveredstatements="22" conditionals="45" coveredconditionals="6" methods="22" coveredmethods="6"/>
        <line num="1" count="1" type="stmt"/>
        <line num="2" count="1" type="stmt"/>
        <line num="3" count="1" type="stmt"/>
        <line num="5" count="1" type="stmt"/>
        <line num="15" count="1" type="stmt"/>
        <line num="22" count="13" type="stmt"/>
        <line num="23" count="6" type="stmt"/>
        <line num="24" count="12" type="stmt"/>
        <line num="28" count="13" type="stmt"/>
        <line num="29" count="13" type="stmt"/>
        <line num="30" count="13" type="stmt"/>
        <line num="32" count="13" type="cond" truecount="0" falsecount="1"/>
        <line num="33" count="12" type="cond" truecount="1" falsecount="1"/>
        <line num="34" count="12" type="cond" truecount="1" falsecount="1"/>
        <line num="35" count="0" type="stmt"/>
        <line num="37" count="12" type="stmt"/>
        <line num="39" count="12" type="cond" truecount="1" falsecount="1"/>
        <line num="40" count="12" type="stmt"/>
        <line num="41" count="0" type="stmt"/>
        <line num="44" count="12" type="stmt"/>
        <line num="47" count="13" type="stmt"/>
        <line num="48" count="0" type="stmt"/>
        <line num="56" count="0" type="stmt"/>
        <line num="58" count="0" type="stmt"/>
        <line num="65" count="0" type="stmt"/>
        <line num="70" count="0" type="cond" truecount="0" falsecount="2"/>
        <line num="71" count="0" type="cond" truecount="0" falsecount="2"/>
        <line num="72" count="0" type="stmt"/>
        <line num="76" count="0" type="cond" truecount="0" falsecount="12"/>
        <line num="78" count="0" type="cond" truecount="0" falsecount="12"/>
        <line num="87" count="13" type="stmt"/>
        <line num="98" count="0" type="cond" truecount="0" falsecount="2"/>
        <line num="99" count="0" type="stmt"/>
        <line num="104" count="0" type="stmt"/>
        <line num="105" count="0" type="stmt"/>
        <line num="106" count="0" type="stmt"/>
        <line num="110" count="0" type="stmt"/>
        <line num="119" count="13" type="stmt"/>
        <line num="121" count="0" type="stmt"/>
        <line num="133" count="1" type="stmt"/>
      </file>
    </package>
    <package name="components.DropdownTreeSelect.components">
      <metrics statements="48" coveredstatements="15" conditionals="53" coveredconditionals="0" methods="17" coveredmethods="0"/>
      <file name="CustomTreeItem.tsx" path="/Users/mac/Desktop/Work/gamalearn-exam/src/components/DropdownTreeSelect/components/CustomTreeItem.tsx">
        <metrics statements="14" coveredstatements="5" conditionals="6" coveredconditionals="0" methods="5" coveredmethods="0"/>
        <line num="1" count="1" type="stmt"/>
        <line num="2" count="1" type="stmt"/>
        <line num="3" count="1" type="stmt"/>
        <line num="4" count="1" type="stmt"/>
        <line num="16" count="1" type="stmt"/>
        <line num="23" count="0" type="stmt"/>
        <line num="24" count="0" type="stmt"/>
        <line num="25" count="0" type="stmt"/>
        <line num="27" count="0" type="stmt"/>
        <line num="32" count="0" type="stmt"/>
        <line num="33" count="0" type="stmt"/>
        <line num="42" count="0" type="cond" truecount="0" falsecount="4"/>
        <line num="43" count="0" type="stmt"/>
        <line num="55" count="0" type="stmt"/>
      </file>
      <file name="TreeViewSearch.tsx" path="/Users/mac/Desktop/Work/gamalearn-exam/src/components/DropdownTreeSelect/components/TreeViewSearch.tsx">
        <metrics statements="34" coveredstatements="10" conditionals="47" coveredconditionals="0" methods="12" coveredmethods="0"/>
        <line num="1" count="1" type="stmt"/>
        <line num="2" count="1" type="stmt"/>
        <line num="3" count="1" type="stmt"/>
        <line num="4" count="1" type="stmt"/>
        <line num="5" count="1" type="stmt"/>
        <line num="6" count="1" type="stmt"/>
        <line num="8" count="1" type="stmt"/>
        <line num="17" count="1" type="stmt"/>
        <line num="24" count="0" type="stmt"/>
        <line num="25" count="0" type="stmt"/>
        <line num="26" count="0" type="cond" truecount="0" falsecount="2"/>
        <line num="27" count="0" type="cond" truecount="0" falsecount="2"/>
        <line num="28" count="0" type="stmt"/>
        <line num="30" count="0" type="stmt"/>
        <line num="35" count="0" type="stmt"/>
        <line num="37" count="0" type="stmt"/>
        <line num="44" count="0" type="cond" truecount="0" falsecount="6"/>
        <line num="55" count="1" type="stmt"/>
        <line num="63" count="0" type="cond" truecount="0" falsecount="2"/>
        <line num="65" count="0" type="cond" truecount="0" falsecount="2"/>
        <line num="68" count="0" type="cond" truecount="0" falsecount="8"/>
        <line num="88" count="0" type="stmt"/>
        <line num="89" count="0" type="stmt"/>
        <line num="91" count="0" type="stmt"/>
        <line num="99" count="0" type="stmt"/>
        <line num="119" count="1" type="stmt"/>
        <line num="124" count="0" type="cond" truecount="0" falsecount="2"/>
        <line num="125" count="0" type="cond" truecount="0" falsecount="2"/>
        <line num="126" count="0" type="cond" truecount="0" falsecount="4"/>
        <line num="128" count="0" type="cond" truecount="0" falsecount="4"/>
        <line num="131" count="0" type="cond" truecount="0" falsecount="2"/>
        <line num="132" count="0" type="stmt"/>
        <line num="133" count="0" type="stmt"/>
        <line num="136" count="0" type="stmt"/>
      </file>
    </package>
    <package name="utils">
      <metrics statements="4" coveredstatements="2" conditionals="0" coveredconditionals="0" methods="3" coveredmethods="0"/>
      <file name="utils.ts" path="/Users/mac/Desktop/Work/gamalearn-exam/src/utils/utils.ts">
        <metrics statements="4" coveredstatements="2" conditionals="0" coveredconditionals="0" methods="3" coveredmethods="0"/>
        <line num="1" count="1" type="stmt"/>
        <line num="2" count="0" type="stmt"/>
        <line num="12" count="1" type="stmt"/>
        <line num="13" count="0" type="stmt"/>
      </file>
    </package>
  </project>
</coverage>
