{"/Users/mac/Desktop/Work/gamalearn-exam/src/components/AssessmentFilters.tsx": {"path":"/Users/mac/Desktop/Work/gamalearn-exam/src/components/AssessmentFilters.tsx","statementMap":{"0":{"start":{"line":2,"column":0},"end":{"line":2,"column":null}},"1":{"start":{"line":28,"column":43},"end":{"line":131,"column":1}},"2":{"start":{"line":29,"column":23},"end":{"line":31,"column":3}},"3":{"start":{"line":30,"column":4},"end":{"line":30,"column":62}},"4":{"start":{"line":32,"column":22},"end":{"line":32,"column":73}},"5":{"start":{"line":32,"column":64},"end":{"line":32,"column":70}},"6":{"start":{"line":33,"column":24},"end":{"line":33,"column":77}},"7":{"start":{"line":33,"column":66},"end":{"line":33,"column":74}},"8":{"start":{"line":34,"column":23},"end":{"line":34,"column":76}},"9":{"start":{"line":34,"column":65},"end":{"line":34,"column":73}},"10":{"start":{"line":36,"column":2},"end":{"line":130,"column":4}},"11":{"start":{"line":54,"column":16},"end":{"line":54,"column":37}},"12":{"start":{"line":73,"column":16},"end":{"line":73,"column":46}},"13":{"start":{"line":92,"column":16},"end":{"line":92,"column":39}},"14":{"start":{"line":111,"column":16},"end":{"line":111,"column":39}},"15":{"start":{"line":133,"column":0},"end":{"line":133,"column":33}}},"fnMap":{"0":{"name":"(anonymous_0)","decl":{"start":{"line":28,"column":43},"end":{"line":28,"column":44}},"loc":{"start":{"line":28,"column":96},"end":{"line":131,"column":1}}},"1":{"name":"(anonymous_1)","decl":{"start":{"line":29,"column":23},"end":{"line":29,"column":24}},"loc":{"start":{"line":29,"column":48},"end":{"line":31,"column":3}}},"2":{"name":"(anonymous_2)","decl":{"start":{"line":32,"column":57},"end":{"line":32,"column":58}},"loc":{"start":{"line":32,"column":64},"end":{"line":32,"column":70}}},"3":{"name":"(anonymous_3)","decl":{"start":{"line":33,"column":59},"end":{"line":33,"column":60}},"loc":{"start":{"line":33,"column":66},"end":{"line":33,"column":74}}},"4":{"name":"(anonymous_4)","decl":{"start":{"line":34,"column":58},"end":{"line":34,"column":59}},"loc":{"start":{"line":34,"column":65},"end":{"line":34,"column":73}}},"5":{"name":"(anonymous_5)","decl":{"start":{"line":53,"column":32},"end":{"line":53,"column":33}},"loc":{"start":{"line":54,"column":16},"end":{"line":54,"column":37}}},"6":{"name":"(anonymous_6)","decl":{"start":{"line":72,"column":32},"end":{"line":72,"column":33}},"loc":{"start":{"line":73,"column":16},"end":{"line":73,"column":46}}},"7":{"name":"(anonymous_7)","decl":{"start":{"line":91,"column":34},"end":{"line":91,"column":35}},"loc":{"start":{"line":92,"column":16},"end":{"line":92,"column":39}}},"8":{"name":"(anonymous_8)","decl":{"start":{"line":110,"column":33},"end":{"line":110,"column":34}},"loc":{"start":{"line":111,"column":16},"end":{"line":111,"column":39}}}},"branchMap":{"0":{"loc":{"start":{"line":53,"column":15},"end":{"line":57,"column":16}},"type":"cond-expr","locations":[{"start":{"line":53,"column":26},"end":{"line":53,"column":28}},{"start":{"line":53,"column":15},"end":{"line":57,"column":16}}]},"1":{"loc":{"start":{"line":53,"column":15},"end":{"line":53,"column":28}},"type":"binary-expr","locations":[{"start":{"line":53,"column":15},"end":{"line":53,"column":28}},{"start":{"line":53,"column":15},"end":{"line":53,"column":28}}]},"2":{"loc":{"start":{"line":72,"column":15},"end":{"line":76,"column":16}},"type":"cond-expr","locations":[{"start":{"line":72,"column":26},"end":{"line":72,"column":28}},{"start":{"line":72,"column":15},"end":{"line":76,"column":16}}]},"3":{"loc":{"start":{"line":72,"column":15},"end":{"line":72,"column":28}},"type":"binary-expr","locations":[{"start":{"line":72,"column":15},"end":{"line":72,"column":28}},{"start":{"line":72,"column":15},"end":{"line":72,"column":28}}]},"4":{"loc":{"start":{"line":91,"column":15},"end":{"line":95,"column":16}},"type":"cond-expr","locations":[{"start":{"line":91,"column":28},"end":{"line":91,"column":30}},{"start":{"line":91,"column":15},"end":{"line":95,"column":16}}]},"5":{"loc":{"start":{"line":91,"column":15},"end":{"line":91,"column":30}},"type":"binary-expr","locations":[{"start":{"line":91,"column":15},"end":{"line":91,"column":30}},{"start":{"line":91,"column":15},"end":{"line":91,"column":30}}]},"6":{"loc":{"start":{"line":110,"column":15},"end":{"line":114,"column":16}},"type":"cond-expr","locations":[{"start":{"line":110,"column":27},"end":{"line":110,"column":29}},{"start":{"line":110,"column":15},"end":{"line":114,"column":16}}]},"7":{"loc":{"start":{"line":110,"column":15},"end":{"line":110,"column":29}},"type":"binary-expr","locations":[{"start":{"line":110,"column":15},"end":{"line":110,"column":29}},{"start":{"line":110,"column":15},"end":{"line":110,"column":29}}]}},"s":{"0":1,"1":1,"2":5,"3":0,"4":5,"5":10,"6":5,"7":10,"8":5,"9":10,"10":5,"11":10,"12":10,"13":10,"14":10,"15":1},"f":{"0":5,"1":0,"2":10,"3":10,"4":10,"5":10,"6":10,"7":10,"8":10},"b":{"0":[0,5],"1":[5,5],"2":[0,5],"3":[5,5],"4":[0,5],"5":[5,5],"6":[0,5],"7":[5,5]}}
,"/Users/mac/Desktop/Work/gamalearn-exam/src/components/ExamineesFilters.tsx": {"path":"/Users/mac/Desktop/Work/gamalearn-exam/src/components/ExamineesFilters.tsx","statementMap":{"0":{"start":{"line":1,"column":0},"end":{"line":1,"column":51}},"1":{"start":{"line":2,"column":0},"end":{"line":2,"column":null}},"2":{"start":{"line":15,"column":0},"end":{"line":15,"column":73}},"3":{"start":{"line":32,"column":29},"end":{"line":49,"column":1}},"4":{"start":{"line":33,"column":38},"end":{"line":33,"column":53}},"5":{"start":{"line":35,"column":2},"end":{"line":37,"column":3}},"6":{"start":{"line":36,"column":4},"end":{"line":36,"column":76}},"7":{"start":{"line":39,"column":2},"end":{"line":48,"column":4}},"8":{"start":{"line":43,"column":21},"end":{"line":43,"column":40}},"9":{"start":{"line":32,"column":13},"end":{"line":32,"column":29}},"10":{"start":{"line":51,"column":42},"end":{"line":177,"column":1}},"11":{"start":{"line":52,"column":38},"end":{"line":52,"column":64}},"12":{"start":{"line":53,"column":22},"end":{"line":53,"column":71}},"13":{"start":{"line":53,"column":62},"end":{"line":53,"column":68}},"14":{"start":{"line":54,"column":23},"end":{"line":54,"column":74}},"15":{"start":{"line":54,"column":63},"end":{"line":54,"column":71}},"16":{"start":{"line":56,"column":30},"end":{"line":56,"column":52}},"17":{"start":{"line":58,"column":2},"end":{"line":64,"column":19}},"18":{"start":{"line":59,"column":20},"end":{"line":61,"column":11}},"19":{"start":{"line":60,"column":6},"end":{"line":60,"column":43}},"20":{"start":{"line":63,"column":4},"end":{"line":63,"column":39}},"21":{"start":{"line":63,"column":17},"end":{"line":63,"column":38}},"22":{"start":{"line":66,"column":2},"end":{"line":68,"column":15}},"23":{"start":{"line":67,"column":4},"end":{"line":67,"column":65}},"24":{"start":{"line":70,"column":23},"end":{"line":72,"column":3}},"25":{"start":{"line":71,"column":4},"end":{"line":71,"column":62}},"26":{"start":{"line":74,"column":35},"end":{"line":76,"column":3}},"27":{"start":{"line":75,"column":4},"end":{"line":75,"column":52}},"28":{"start":{"line":78,"column":2},"end":{"line":176,"column":4}},"29":{"start":{"line":97,"column":16},"end":{"line":97,"column":37}},"30":{"start":{"line":119,"column":44},"end":{"line":119,"column":54}},"31":{"start":{"line":121,"column":51},"end":{"line":121,"column":79}},"32":{"start":{"line":123,"column":16},"end":{"line":123,"column":46}},"33":{"start":{"line":124,"column":16},"end":{"line":124,"column":51}},"34":{"start":{"line":128,"column":16},"end":{"line":132,"column":null}},"35":{"start":{"line":150,"column":16},"end":{"line":150,"column":39}},"36":{"start":{"line":162,"column":14},"end":{"line":162,"column":31}},"37":{"start":{"line":163,"column":14},"end":{"line":163,"column":32}},"38":{"start":{"line":164,"column":14},"end":{"line":164,"column":28}},"39":{"start":{"line":179,"column":0},"end":{"line":179,"column":32}}},"fnMap":{"0":{"name":"(anonymous_1)","decl":{"start":{"line":32,"column":29},"end":{"line":32,"column":32}},"loc":{"start":{"line":32,"column":34},"end":{"line":49,"column":1}}},"1":{"name":"(anonymous_2)","decl":{"start":{"line":43,"column":15},"end":{"line":43,"column":18}},"loc":{"start":{"line":43,"column":21},"end":{"line":43,"column":40}}},"2":{"name":"(anonymous_3)","decl":{"start":{"line":51,"column":42},"end":{"line":51,"column":43}},"loc":{"start":{"line":51,"column":101},"end":{"line":177,"column":1}}},"3":{"name":"(anonymous_4)","decl":{"start":{"line":53,"column":55},"end":{"line":53,"column":56}},"loc":{"start":{"line":53,"column":62},"end":{"line":53,"column":68}}},"4":{"name":"(anonymous_5)","decl":{"start":{"line":54,"column":56},"end":{"line":54,"column":57}},"loc":{"start":{"line":54,"column":63},"end":{"line":54,"column":71}}},"5":{"name":"(anonymous_6)","decl":{"start":{"line":58,"column":12},"end":{"line":58,"column":15}},"loc":{"start":{"line":58,"column":17},"end":{"line":64,"column":3}}},"6":{"name":"(anonymous_7)","decl":{"start":{"line":59,"column":31},"end":{"line":59,"column":34}},"loc":{"start":{"line":59,"column":36},"end":{"line":61,"column":5}}},"7":{"name":"(anonymous_8)","decl":{"start":{"line":63,"column":11},"end":{"line":63,"column":14}},"loc":{"start":{"line":63,"column":17},"end":{"line":63,"column":38}}},"8":{"name":"(anonymous_9)","decl":{"start":{"line":66,"column":12},"end":{"line":66,"column":15}},"loc":{"start":{"line":66,"column":17},"end":{"line":68,"column":3}}},"9":{"name":"(anonymous_10)","decl":{"start":{"line":70,"column":23},"end":{"line":70,"column":24}},"loc":{"start":{"line":70,"column":48},"end":{"line":72,"column":3}}},"10":{"name":"(anonymous_11)","decl":{"start":{"line":74,"column":35},"end":{"line":74,"column":36}},"loc":{"start":{"line":74,"column":60},"end":{"line":76,"column":3}}},"11":{"name":"(anonymous_12)","decl":{"start":{"line":96,"column":32},"end":{"line":96,"column":33}},"loc":{"start":{"line":97,"column":16},"end":{"line":97,"column":37}}},"12":{"name":"(anonymous_13)","decl":{"start":{"line":119,"column":37},"end":{"line":119,"column":38}},"loc":{"start":{"line":119,"column":44},"end":{"line":119,"column":54}}},"13":{"name":"(anonymous_14)","decl":{"start":{"line":121,"column":29},"end":{"line":121,"column":30}},"loc":{"start":{"line":121,"column":51},"end":{"line":121,"column":79}}},"14":{"name":"(anonymous_15)","decl":{"start":{"line":122,"column":24},"end":{"line":122,"column":25}},"loc":{"start":{"line":122,"column":40},"end":{"line":125,"column":15}}},"15":{"name":"(anonymous_16)","decl":{"start":{"line":127,"column":27},"end":{"line":127,"column":28}},"loc":{"start":{"line":128,"column":16},"end":{"line":132,"column":null}}},"16":{"name":"(anonymous_17)","decl":{"start":{"line":149,"column":33},"end":{"line":149,"column":34}},"loc":{"start":{"line":150,"column":16},"end":{"line":150,"column":39}}},"17":{"name":"(anonymous_18)","decl":{"start":{"line":161,"column":21},"end":{"line":161,"column":24}},"loc":{"start":{"line":161,"column":26},"end":{"line":165,"column":13}}}},"branchMap":{"0":{"loc":{"start":{"line":35,"column":2},"end":{"line":37,"column":3}},"type":"if","locations":[{"start":{"line":35,"column":2},"end":{"line":37,"column":3}},{"start":{},"end":{}}]},"1":{"loc":{"start":{"line":67,"column":34},"end":{"line":67,"column":61}},"type":"cond-expr","locations":[{"start":{"line":67,"column":50},"end":{"line":67,"column":56}},{"start":{"line":67,"column":59},"end":{"line":67,"column":61}}]},"2":{"loc":{"start":{"line":75,"column":37},"end":{"line":75,"column":48}},"type":"binary-expr","locations":[{"start":{"line":75,"column":37},"end":{"line":75,"column":42}},{"start":{"line":75,"column":46},"end":{"line":75,"column":48}}]},"3":{"loc":{"start":{"line":96,"column":15},"end":{"line":100,"column":16}},"type":"cond-expr","locations":[{"start":{"line":96,"column":26},"end":{"line":96,"column":28}},{"start":{"line":96,"column":15},"end":{"line":100,"column":16}}]},"4":{"loc":{"start":{"line":96,"column":15},"end":{"line":96,"column":28}},"type":"binary-expr","locations":[{"start":{"line":96,"column":15},"end":{"line":96,"column":28}},{"start":{"line":96,"column":15},"end":{"line":96,"column":28}}]},"5":{"loc":{"start":{"line":123,"column":30},"end":{"line":123,"column":44}},"type":"binary-expr","locations":[{"start":{"line":123,"column":30},"end":{"line":123,"column":38}},{"start":{"line":123,"column":42},"end":{"line":123,"column":44}}]},"6":{"loc":{"start":{"line":149,"column":15},"end":{"line":153,"column":16}},"type":"cond-expr","locations":[{"start":{"line":149,"column":27},"end":{"line":149,"column":29}},{"start":{"line":149,"column":15},"end":{"line":153,"column":16}}]},"7":{"loc":{"start":{"line":149,"column":15},"end":{"line":149,"column":29}},"type":"binary-expr","locations":[{"start":{"line":149,"column":15},"end":{"line":149,"column":29}},{"start":{"line":149,"column":15},"end":{"line":149,"column":29}}]},"8":{"loc":{"start":{"line":162,"column":14},"end":{"line":162,"column":30}},"type":"cond-expr","locations":[{"start":{"line":162,"column":26},"end":{"line":162,"column":30}},{"start":{"line":162,"column":14},"end":{"line":162,"column":30}}]},"9":{"loc":{"start":{"line":162,"column":14},"end":{"line":162,"column":30}},"type":"binary-expr","locations":[{"start":{"line":162,"column":14},"end":{"line":162,"column":30}},{"start":{"line":162,"column":14},"end":{"line":162,"column":30}}]}},"s":{"0":1,"1":1,"2":1,"3":1,"4":10,"5":9,"6":2,"7":7,"8":1,"9":1,"10":1,"11":7,"12":7,"13":14,"14":7,"15":14,"16":7,"17":7,"18":6,"19":0,"20":6,"21":6,"22":7,"23":7,"24":7,"25":0,"26":7,"27":0,"28":7,"29":14,"30":14,"31":0,"32":0,"33":0,"34":13,"35":14,"36":1,"37":1,"38":1,"39":1},"f":{"0":10,"1":1,"2":7,"3":14,"4":14,"5":6,"6":0,"7":6,"8":7,"9":0,"10":0,"11":14,"12":14,"13":0,"14":0,"15":13,"16":14,"17":1},"b":{"0":[2,7],"1":[0,7],"2":[0,0],"3":[0,7],"4":[7,7],"5":[0,0],"6":[0,7],"7":[7,7],"8":[0,1],"9":[1,1]}}
,"/Users/mac/Desktop/Work/gamalearn-exam/src/components/DropdownTreeSelect/DropDownTreeSelect.tsx": {"path":"/Users/mac/Desktop/Work/gamalearn-exam/src/components/DropdownTreeSelect/DropDownTreeSelect.tsx","statementMap":{"0":{"start":{"line":1,"column":0},"end":{"line":1,"column":44}},"1":{"start":{"line":2,"column":0},"end":{"line":2,"column":53}},"2":{"start":{"line":3,"column":0},"end":{"line":3,"column":54}},"3":{"start":{"line":5,"column":0},"end":{"line":5,"column":61}},"4":{"start":{"line":15,"column":27},"end":{"line":132,"column":1}},"5":{"start":{"line":22,"column":2},"end":{"line":26,"column":13}},"6":{"start":{"line":23,"column":4},"end":{"line":25,"column":7}},"7":{"start":{"line":24,"column":6},"end":{"line":24,"column":29}},"8":{"start":{"line":28,"column":36},"end":{"line":28,"column":66}},"9":{"start":{"line":29,"column":38},"end":{"line":29,"column":60}},"10":{"start":{"line":30,"column":36},"end":{"line":30,"column":54}},"11":{"start":{"line":32,"column":26},"end":{"line":45,"column":3}},"12":{"start":{"line":33,"column":4},"end":{"line":33,"column":33}},"13":{"start":{"line":33,"column":23},"end":{"line":33,"column":33}},"14":{"start":{"line":34,"column":4},"end":{"line":38,"column":5}},"15":{"start":{"line":35,"column":6},"end":{"line":35,"column":76}},"16":{"start":{"line":35,"column":29},"end":{"line":35,"column":74}},"17":{"start":{"line":37,"column":6},"end":{"line":37,"column":60}},"18":{"start":{"line":37,"column":35},"end":{"line":37,"column":58}},"19":{"start":{"line":39,"column":4},"end":{"line":43,"column":5}},"20":{"start":{"line":40,"column":6},"end":{"line":42,"column":9}},"21":{"start":{"line":41,"column":8},"end":{"line":41,"column":30}},"22":{"start":{"line":44,"column":4},"end":{"line":44,"column":21}},"23":{"start":{"line":47,"column":22},"end":{"line":85,"column":3}},"24":{"start":{"line":48,"column":4},"end":{"line":84,"column":6}},"25":{"start":{"line":56,"column":29},"end":{"line":56,"column":52}},"26":{"start":{"line":58,"column":16},"end":{"line":80,"column":18}},"27":{"start":{"line":65,"column":44},"end":{"line":65,"column":67}},"28":{"start":{"line":70,"column":28},"end":{"line":73,"column":29}},"29":{"start":{"line":71,"column":46},"end":{"line":71,"column":106}},"30":{"start":{"line":71,"column":67},"end":{"line":71,"column":105}},"31":{"start":{"line":72,"column":30},"end":{"line":72,"column":49}},"32":{"start":{"line":76,"column":50},"end":{"line":76,"column":64}},"33":{"start":{"line":78,"column":65},"end":{"line":78,"column":79}},"34":{"start":{"line":87,"column":2},"end":{"line":131,"column":4}},"35":{"start":{"line":98,"column":8},"end":{"line":98,"column":36}},"36":{"start":{"line":99,"column":8},"end":{"line":99,"column":25}},"37":{"start":{"line":104,"column":28},"end":{"line":104,"column":29}},"38":{"start":{"line":105,"column":20},"end":{"line":105,"column":36}},"39":{"start":{"line":106,"column":25},"end":{"line":106,"column":38}},"40":{"start":{"line":110,"column":8},"end":{"line":115,"column":null}},"41":{"start":{"line":119,"column":8},"end":{"line":123,"column":null}},"42":{"start":{"line":121,"column":27},"end":{"line":121,"column":55}},"43":{"start":{"line":133,"column":0},"end":{"line":133,"column":34}}},"fnMap":{"0":{"name":"(anonymous_1)","decl":{"start":{"line":15,"column":27},"end":{"line":15,"column":28}},"loc":{"start":{"line":20,"column":30},"end":{"line":132,"column":1}}},"1":{"name":"(anonymous_2)","decl":{"start":{"line":22,"column":12},"end":{"line":22,"column":15}},"loc":{"start":{"line":22,"column":17},"end":{"line":26,"column":3}}},"2":{"name":"(anonymous_3)","decl":{"start":{"line":23,"column":17},"end":{"line":23,"column":18}},"loc":{"start":{"line":23,"column":27},"end":{"line":25,"column":5}}},"3":{"name":"(anonymous_4)","decl":{"start":{"line":32,"column":26},"end":{"line":32,"column":27}},"loc":{"start":{"line":32,"column":65},"end":{"line":45,"column":3}}},"4":{"name":"(anonymous_5)","decl":{"start":{"line":35,"column":19},"end":{"line":35,"column":20}},"loc":{"start":{"line":35,"column":29},"end":{"line":35,"column":74}}},"5":{"name":"(anonymous_6)","decl":{"start":{"line":37,"column":20},"end":{"line":37,"column":21}},"loc":{"start":{"line":37,"column":35},"end":{"line":37,"column":58}}},"6":{"name":"(anonymous_7)","decl":{"start":{"line":40,"column":28},"end":{"line":40,"column":29}},"loc":{"start":{"line":40,"column":37},"end":{"line":42,"column":7}}},"7":{"name":"(anonymous_8)","decl":{"start":{"line":47,"column":22},"end":{"line":47,"column":25}},"loc":{"start":{"line":47,"column":27},"end":{"line":85,"column":3}}},"8":{"name":"(anonymous_9)","decl":{"start":{"line":56,"column":22},"end":{"line":56,"column":23}},"loc":{"start":{"line":56,"column":29},"end":{"line":56,"column":52}}},"9":{"name":"(anonymous_10)","decl":{"start":{"line":57,"column":19},"end":{"line":57,"column":20}},"loc":{"start":{"line":57,"column":29},"end":{"line":81,"column":15}}},"10":{"name":"(anonymous_11)","decl":{"start":{"line":65,"column":33},"end":{"line":65,"column":34}},"loc":{"start":{"line":65,"column":44},"end":{"line":65,"column":67}}},"11":{"name":"(anonymous_12)","decl":{"start":{"line":69,"column":26},"end":{"line":69,"column":29}},"loc":{"start":{"line":69,"column":31},"end":{"line":74,"column":27}}},"12":{"name":"(anonymous_13)","decl":{"start":{"line":71,"column":60},"end":{"line":71,"column":61}},"loc":{"start":{"line":71,"column":67},"end":{"line":71,"column":105}}},"13":{"name":"(anonymous_14)","decl":{"start":{"line":76,"column":43},"end":{"line":76,"column":44}},"loc":{"start":{"line":76,"column":50},"end":{"line":76,"column":64}}},"14":{"name":"(anonymous_15)","decl":{"start":{"line":78,"column":58},"end":{"line":78,"column":59}},"loc":{"start":{"line":78,"column":65},"end":{"line":78,"column":79}}},"15":{"name":"(anonymous_16)","decl":{"start":{"line":96,"column":16},"end":{"line":96,"column":17}},"loc":{"start":{"line":96,"column":26},"end":{"line":100,"column":7}}},"16":{"name":"(anonymous_17)","decl":{"start":{"line":104,"column":21},"end":{"line":104,"column":22}},"loc":{"start":{"line":104,"column":28},"end":{"line":104,"column":29}}},"17":{"name":"(anonymous_18)","decl":{"start":{"line":105,"column":14},"end":{"line":105,"column":17}},"loc":{"start":{"line":105,"column":20},"end":{"line":105,"column":36}}},"18":{"name":"(anonymous_19)","decl":{"start":{"line":106,"column":19},"end":{"line":106,"column":22}},"loc":{"start":{"line":106,"column":25},"end":{"line":106,"column":38}}},"19":{"name":"(anonymous_20)","decl":{"start":{"line":109,"column":20},"end":{"line":109,"column":23}},"loc":{"start":{"line":110,"column":8},"end":{"line":115,"column":null}}},"20":{"name":"(anonymous_21)","decl":{"start":{"line":118,"column":19},"end":{"line":118,"column":20}},"loc":{"start":{"line":119,"column":8},"end":{"line":123,"column":null}}},"21":{"name":"(anonymous_22)","decl":{"start":{"line":121,"column":20},"end":{"line":121,"column":21}},"loc":{"start":{"line":121,"column":27},"end":{"line":121,"column":55}}}},"branchMap":{"0":{"loc":{"start":{"line":32,"column":27},"end":{"line":32,"column":61}},"type":"default-arg","locations":[{"start":{"line":32,"column":57},"end":{"line":32,"column":61}}]},"1":{"loc":{"start":{"line":33,"column":4},"end":{"line":33,"column":33}},"type":"if","locations":[{"start":{"line":33,"column":4},"end":{"line":33,"column":33}},{"start":{},"end":{}}]},"2":{"loc":{"start":{"line":34,"column":4},"end":{"line":38,"column":5}},"type":"if","locations":[{"start":{"line":34,"column":4},"end":{"line":38,"column":5}},{"start":{"line":36,"column":11},"end":{"line":38,"column":5}}]},"3":{"loc":{"start":{"line":39,"column":4},"end":{"line":43,"column":5}},"type":"if","locations":[{"start":{"line":39,"column":4},"end":{"line":43,"column":5}},{"start":{},"end":{}}]},"4":{"loc":{"start":{"line":54,"column":9},"end":{"line":82,"column":16}},"type":"cond-expr","locations":[{"start":{"line":55,"column":12},"end":{"line":81,"column":16}},{"start":{"line":82,"column":12},"end":{"line":82,"column":16}}]},"5":{"loc":{"start":{"line":67,"column":22},"end":{"line":74,"column":27}},"type":"cond-expr","locations":[{"start":{"line":68,"column":26},"end":{"line":68,"column":35}},{"start":{"line":69,"column":26},"end":{"line":74,"column":27}}]},"6":{"loc":{"start":{"line":70,"column":28},"end":{"line":73,"column":29}},"type":"if","locations":[{"start":{"line":70,"column":28},"end":{"line":73,"column":29}},{"start":{},"end":{}}]},"7":{"loc":{"start":{"line":71,"column":67},"end":{"line":71,"column":105}},"type":"binary-expr","locations":[{"start":{"line":71,"column":67},"end":{"line":71,"column":78}},{"start":{"line":71,"column":82},"end":{"line":71,"column":105}}]},"8":{"loc":{"start":{"line":76,"column":27},"end":{"line":76,"column":78}},"type":"cond-expr","locations":[{"start":{"line":76,"column":72},"end":{"line":76,"column":76}},{"start":{"line":76,"column":76},"end":{"line":76,"column":78}}]},"9":{"loc":{"start":{"line":76,"column":27},"end":{"line":76,"column":76}},"type":"binary-expr","locations":[{"start":{"line":76,"column":27},"end":{"line":76,"column":76}},{"start":{"line":76,"column":72},"end":{"line":76,"column":76}}]},"10":{"loc":{"start":{"line":76,"column":27},"end":{"line":76,"column":72}},"type":"cond-expr","locations":[{"start":{"line":76,"column":65},"end":{"line":76,"column":67}},{"start":{"line":76,"column":65},"end":{"line":76,"column":72}}]},"11":{"loc":{"start":{"line":76,"column":27},"end":{"line":76,"column":67}},"type":"binary-expr","locations":[{"start":{"line":76,"column":27},"end":{"line":76,"column":67}},{"start":{"line":76,"column":65},"end":{"line":76,"column":67}}]},"12":{"loc":{"start":{"line":76,"column":27},"end":{"line":76,"column":65}},"type":"cond-expr","locations":[{"start":{"line":76,"column":36},"end":{"line":76,"column":38}},{"start":{"line":76,"column":27},"end":{"line":76,"column":65}}]},"13":{"loc":{"start":{"line":76,"column":27},"end":{"line":76,"column":38}},"type":"binary-expr","locations":[{"start":{"line":76,"column":27},"end":{"line":76,"column":38}},{"start":{"line":76,"column":27},"end":{"line":76,"column":38}}]},"14":{"loc":{"start":{"line":78,"column":42},"end":{"line":78,"column":93}},"type":"cond-expr","locations":[{"start":{"line":78,"column":87},"end":{"line":78,"column":91}},{"start":{"line":78,"column":91},"end":{"line":78,"column":93}}]},"15":{"loc":{"start":{"line":78,"column":42},"end":{"line":78,"column":91}},"type":"binary-expr","locations":[{"start":{"line":78,"column":42},"end":{"line":78,"column":91}},{"start":{"line":78,"column":87},"end":{"line":78,"column":91}}]},"16":{"loc":{"start":{"line":78,"column":42},"end":{"line":78,"column":87}},"type":"cond-expr","locations":[{"start":{"line":78,"column":80},"end":{"line":78,"column":82}},{"start":{"line":78,"column":80},"end":{"line":78,"column":87}}]},"17":{"loc":{"start":{"line":78,"column":42},"end":{"line":78,"column":82}},"type":"binary-expr","locations":[{"start":{"line":78,"column":42},"end":{"line":78,"column":82}},{"start":{"line":78,"column":80},"end":{"line":78,"column":82}}]},"18":{"loc":{"start":{"line":78,"column":42},"end":{"line":78,"column":80}},"type":"cond-expr","locations":[{"start":{"line":78,"column":51},"end":{"line":78,"column":53}},{"start":{"line":78,"column":42},"end":{"line":78,"column":80}}]},"19":{"loc":{"start":{"line":78,"column":42},"end":{"line":78,"column":53}},"type":"binary-expr","locations":[{"start":{"line":78,"column":42},"end":{"line":78,"column":53}},{"start":{"line":78,"column":42},"end":{"line":78,"column":53}}]},"20":{"loc":{"start":{"line":93,"column":8},"end":{"line":93,"column":71}},"type":"cond-expr","locations":[{"start":{"line":93,"column":34},"end":{"line":93,"column":48}},{"start":{"line":93,"column":51},"end":{"line":93,"column":71}}]},"21":{"loc":{"start":{"line":93,"column":8},"end":{"line":93,"column":31}},"type":"binary-expr","locations":[{"start":{"line":93,"column":8},"end":{"line":93,"column":14}},{"start":{"line":93,"column":18},"end":{"line":93,"column":31}}]},"22":{"loc":{"start":{"line":98,"column":8},"end":{"line":98,"column":35}},"type":"binary-expr","locations":[{"start":{"line":98,"column":8},"end":{"line":98,"column":18}},{"start":{"line":98,"column":22},"end":{"line":98,"column":35}}]}},"s":{"0":1,"1":1,"2":1,"3":1,"4":1,"5":13,"6":6,"7":12,"8":13,"9":13,"10":13,"11":13,"12":12,"13":0,"14":12,"15":0,"16":0,"17":12,"18":12,"19":12,"20":12,"21":0,"22":12,"23":13,"24":0,"25":0,"26":0,"27":0,"28":0,"29":0,"30":0,"31":0,"32":0,"33":0,"34":13,"35":0,"36":0,"37":0,"38":0,"39":0,"40":0,"41":13,"42":0,"43":1},"f":{"0":13,"1":6,"2":12,"3":12,"4":0,"5":12,"6":0,"7":0,"8":0,"9":0,"10":0,"11":0,"12":0,"13":0,"14":0,"15":0,"16":0,"17":0,"18":0,"19":0,"20":13,"21":0},"b":{"0":[0],"1":[0,12],"2":[0,12],"3":[12,0],"4":[0,0],"5":[0,0],"6":[0,0],"7":[0,0],"8":[0,0],"9":[0,0],"10":[0,0],"11":[0,0],"12":[0,0],"13":[0,0],"14":[0,0],"15":[0,0],"16":[0,0],"17":[0,0],"18":[0,0],"19":[0,0],"20":[0,13],"21":[13,13],"22":[0,0]}}
,"/Users/mac/Desktop/Work/gamalearn-exam/src/components/DropdownTreeSelect/components/CustomTreeItem.tsx": {"path":"/Users/mac/Desktop/Work/gamalearn-exam/src/components/DropdownTreeSelect/components/CustomTreeItem.tsx","statementMap":{"0":{"start":{"line":1,"column":0},"end":{"line":1,"column":53}},"1":{"start":{"line":2,"column":0},"end":{"line":2,"column":60}},"2":{"start":{"line":3,"column":0},"end":{"line":3,"column":64}},"3":{"start":{"line":4,"column":0},"end":{"line":4,"column":36}},"4":{"start":{"line":16,"column":30},"end":{"line":70,"column":1}},"5":{"start":{"line":23,"column":23},"end":{"line":30,"column":3}},"6":{"start":{"line":24,"column":4},"end":{"line":24,"column":24}},"7":{"start":{"line":25,"column":4},"end":{"line":29,"column":6}},"8":{"start":{"line":27,"column":32},"end":{"line":27,"column":46}},"9":{"start":{"line":32,"column":26},"end":{"line":52,"column":null}},"10":{"start":{"line":33,"column":4},"end":{"line":51,"column":null}},"11":{"start":{"line":42,"column":8},"end":{"line":44,"column":9}},"12":{"start":{"line":43,"column":10},"end":{"line":43,"column":26}},"13":{"start":{"line":55,"column":2},"end":{"line":69,"column":4}},"14":{"start":{"line":16,"column":13},"end":{"line":16,"column":30}}},"fnMap":{"0":{"name":"(anonymous_1)","decl":{"start":{"line":16,"column":30},"end":{"line":16,"column":31}},"loc":{"start":{"line":22,"column":26},"end":{"line":70,"column":1}}},"1":{"name":"(anonymous_2)","decl":{"start":{"line":23,"column":23},"end":{"line":23,"column":24}},"loc":{"start":{"line":23,"column":69},"end":{"line":30,"column":3}}},"2":{"name":"(anonymous_3)","decl":{"start":{"line":27,"column":24},"end":{"line":27,"column":25}},"loc":{"start":{"line":27,"column":32},"end":{"line":27,"column":46}}},"3":{"name":"(anonymous_4)","decl":{"start":{"line":32,"column":26},"end":{"line":32,"column":27}},"loc":{"start":{"line":33,"column":4},"end":{"line":51,"column":null}}},"4":{"name":"(anonymous_5)","decl":{"start":{"line":41,"column":17},"end":{"line":41,"column":18}},"loc":{"start":{"line":41,"column":23},"end":{"line":45,"column":7}}}},"branchMap":{"0":{"loc":{"start":{"line":26,"column":6},"end":{"line":28,"column":30}},"type":"cond-expr","locations":[{"start":{"line":27,"column":10},"end":{"line":27,"column":47}},{"start":{"line":28,"column":10},"end":{"line":28,"column":30}}]},"1":{"loc":{"start":{"line":42,"column":8},"end":{"line":44,"column":9}},"type":"if","locations":[{"start":{"line":42,"column":8},"end":{"line":44,"column":9}},{"start":{},"end":{}}]},"2":{"loc":{"start":{"line":42,"column":12},"end":{"line":42,"column":46}},"type":"binary-expr","locations":[{"start":{"line":42,"column":12},"end":{"line":42,"column":29}},{"start":{"line":42,"column":33},"end":{"line":42,"column":46}}]}},"s":{"0":1,"1":1,"2":1,"3":1,"4":1,"5":0,"6":0,"7":0,"8":0,"9":0,"10":0,"11":0,"12":0,"13":0,"14":1},"f":{"0":0,"1":0,"2":0,"3":0,"4":0},"b":{"0":[0,0],"1":[0,0],"2":[0,0]}}
,"/Users/mac/Desktop/Work/gamalearn-exam/src/components/DropdownTreeSelect/components/TreeViewSearch.tsx": {"path":"/Users/mac/Desktop/Work/gamalearn-exam/src/components/DropdownTreeSelect/components/TreeViewSearch.tsx","statementMap":{"0":{"start":{"line":1,"column":0},"end":{"line":1,"column":65}},"1":{"start":{"line":2,"column":0},"end":{"line":2,"column":54}},"2":{"start":{"line":3,"column":0},"end":{"line":3,"column":36}},"3":{"start":{"line":4,"column":0},"end":{"line":4,"column":46}},"4":{"start":{"line":5,"column":0},"end":{"line":5,"column":50}},"5":{"start":{"line":6,"column":0},"end":{"line":6,"column":50}},"6":{"start":{"line":8,"column":0},"end":{"line":8,"column":50}},"7":{"start":{"line":17,"column":30},"end":{"line":53,"column":1}},"8":{"start":{"line":24,"column":30},"end":{"line":24,"column":52}},"9":{"start":{"line":25,"column":2},"end":{"line":33,"column":18}},"10":{"start":{"line":26,"column":4},"end":{"line":32,"column":5}},"11":{"start":{"line":27,"column":6},"end":{"line":31,"column":7}},"12":{"start":{"line":28,"column":8},"end":{"line":28,"column":30}},"13":{"start":{"line":30,"column":8},"end":{"line":30,"column":22}},"14":{"start":{"line":35,"column":20},"end":{"line":35,"column":96}},"15":{"start":{"line":37,"column":2},"end":{"line":52,"column":4}},"16":{"start":{"line":44,"column":30},"end":{"line":44,"column":31}},"17":{"start":{"line":17,"column":13},"end":{"line":17,"column":30}},"18":{"start":{"line":55,"column":30},"end":{"line":118,"column":1}},"19":{"start":{"line":63,"column":2},"end":{"line":117,"column":11}},"20":{"start":{"line":65,"column":57},"end":{"line":67,"column":16}},"21":{"start":{"line":68,"column":8},"end":{"line":115,"column":17}},"22":{"start":{"line":68,"column":42},"end":{"line":68,"column":49}},"23":{"start":{"line":88,"column":22},"end":{"line":88,"column":42}},"24":{"start":{"line":89,"column":22},"end":{"line":93,"column":24}},"25":{"start":{"line":91,"column":50},"end":{"line":91,"column":64}},"26":{"start":{"line":99,"column":24},"end":{"line":103,"column":26}},"27":{"start":{"line":119,"column":20},"end":{"line":137,"column":1}},"28":{"start":{"line":124,"column":2},"end":{"line":130,"column":3}},"29":{"start":{"line":125,"column":4},"end":{"line":129,"column":5}},"30":{"start":{"line":126,"column":6},"end":{"line":126,"column":50}},"31":{"start":{"line":126,"column":35},"end":{"line":126,"column":48}},"32":{"start":{"line":128,"column":6},"end":{"line":128,"column":27}},"33":{"start":{"line":131,"column":2},"end":{"line":135,"column":3}},"34":{"start":{"line":132,"column":4},"end":{"line":134,"column":7}},"35":{"start":{"line":133,"column":6},"end":{"line":133,"column":48}},"36":{"start":{"line":136,"column":2},"end":{"line":136,"column":15}}},"fnMap":{"0":{"name":"(anonymous_1)","decl":{"start":{"line":17,"column":30},"end":{"line":17,"column":31}},"loc":{"start":{"line":23,"column":39},"end":{"line":53,"column":1}}},"1":{"name":"(anonymous_2)","decl":{"start":{"line":25,"column":12},"end":{"line":25,"column":15}},"loc":{"start":{"line":25,"column":17},"end":{"line":33,"column":3}}},"2":{"name":"(anonymous_3)","decl":{"start":{"line":44,"column":23},"end":{"line":44,"column":24}},"loc":{"start":{"line":44,"column":30},"end":{"line":44,"column":31}}},"3":{"name":"(anonymous_4)","decl":{"start":{"line":55,"column":30},"end":{"line":55,"column":null}},"loc":{"start":{"line":62,"column":35},"end":{"line":118,"column":1}}},"4":{"name":"(anonymous_5)","decl":{"start":{"line":64,"column":16},"end":{"line":64,"column":17}},"loc":{"start":{"line":64,"column":25},"end":{"line":116,"column":7}}},"5":{"name":"(anonymous_6)","decl":{"start":{"line":68,"column":31},"end":{"line":68,"column":32}},"loc":{"start":{"line":68,"column":42},"end":{"line":68,"column":49}}},"6":{"name":"(anonymous_7)","decl":{"start":{"line":87,"column":29},"end":{"line":87,"column":30}},"loc":{"start":{"line":87,"column":35},"end":{"line":94,"column":21}}},"7":{"name":"(anonymous_8)","decl":{"start":{"line":91,"column":42},"end":{"line":91,"column":43}},"loc":{"start":{"line":91,"column":50},"end":{"line":91,"column":64}}},"8":{"name":"(anonymous_9)","decl":{"start":{"line":98,"column":32},"end":{"line":98,"column":33}},"loc":{"start":{"line":98,"column":38},"end":{"line":104,"column":23}}},"9":{"name":"(anonymous_10)","decl":{"start":{"line":119,"column":20},"end":{"line":119,"column":null}},"loc":{"start":{"line":123,"column":4},"end":{"line":137,"column":1}}},"10":{"name":"(anonymous_11)","decl":{"start":{"line":126,"column":28},"end":{"line":126,"column":29}},"loc":{"start":{"line":126,"column":35},"end":{"line":126,"column":48}}},"11":{"name":"(anonymous_12)","decl":{"start":{"line":132,"column":26},"end":{"line":132,"column":27}},"loc":{"start":{"line":132,"column":51},"end":{"line":134,"column":5}}}},"branchMap":{"0":{"loc":{"start":{"line":26,"column":4},"end":{"line":32,"column":5}},"type":"if","locations":[{"start":{"line":26,"column":4},"end":{"line":32,"column":5}},{"start":{},"end":{}}]},"1":{"loc":{"start":{"line":27,"column":6},"end":{"line":31,"column":7}},"type":"if","locations":[{"start":{"line":27,"column":6},"end":{"line":31,"column":7}},{"start":{"line":29,"column":13},"end":{"line":31,"column":7}}]},"2":{"loc":{"start":{"line":44,"column":7},"end":{"line":49,"column":null}},"type":"cond-expr","locations":[{"start":{"line":45,"column":8},"end":{"line":45,"column":17}},{"start":{"line":47,"column":8},"end":{"line":47,"column":null}}]},"3":{"loc":{"start":{"line":44,"column":7},"end":{"line":44,"column":32}},"type":"cond-expr","locations":[{"start":{"line":44,"column":16},"end":{"line":44,"column":18}},{"start":{"line":44,"column":7},"end":{"line":44,"column":32}}]},"4":{"loc":{"start":{"line":44,"column":7},"end":{"line":44,"column":18}},"type":"binary-expr","locations":[{"start":{"line":44,"column":7},"end":{"line":44,"column":18}},{"start":{"line":44,"column":7},"end":{"line":44,"column":18}}]},"5":{"loc":{"start":{"line":59,"column":2},"end":{"line":59,"column":23}},"type":"default-arg","locations":[{"start":{"line":59,"column":21},"end":{"line":59,"column":23}}]},"6":{"loc":{"start":{"line":63,"column":9},"end":{"line":117,"column":10}},"type":"cond-expr","locations":[{"start":{"line":64,"column":6},"end":{"line":116,"column":8}},{"start":{"line":117,"column":6},"end":{"line":117,"column":10}}]},"7":{"loc":{"start":{"line":65,"column":57},"end":{"line":67,"column":16}},"type":"cond-expr","locations":[{"start":{"line":66,"column":12},"end":{"line":66,"column":98}},{"start":{"line":67,"column":12},"end":{"line":67,"column":16}}]},"8":{"loc":{"start":{"line":68,"column":15},"end":{"line":115,"column":16}},"type":"cond-expr","locations":[{"start":{"line":72,"column":14},"end":{"line":73,"column":null}},{"start":{"line":115,"column":12},"end":{"line":115,"column":16}}]},"9":{"loc":{"start":{"line":68,"column":15},"end":{"line":71,"column":19}},"type":"binary-expr","locations":[{"start":{"line":68,"column":15},"end":{"line":68,"column":50}},{"start":{"line":69,"column":11},"end":{"line":71,"column":18}}]},"10":{"loc":{"start":{"line":68,"column":15},"end":{"line":68,"column":50}},"type":"cond-expr","locations":[{"start":{"line":68,"column":24},"end":{"line":68,"column":26}},{"start":{"line":68,"column":15},"end":{"line":68,"column":50}}]},"11":{"loc":{"start":{"line":68,"column":15},"end":{"line":68,"column":26}},"type":"binary-expr","locations":[{"start":{"line":68,"column":15},"end":{"line":68,"column":26}},{"start":{"line":68,"column":15},"end":{"line":68,"column":26}}]},"12":{"loc":{"start":{"line":69,"column":11},"end":{"line":71,"column":18}},"type":"cond-expr","locations":[{"start":{"line":70,"column":14},"end":{"line":70,"column":74}},{"start":{"line":71,"column":14},"end":{"line":71,"column":18}}]},"13":{"loc":{"start":{"line":90,"column":24},"end":{"line":92,"column":48}},"type":"cond-expr","locations":[{"start":{"line":91,"column":28},"end":{"line":91,"column":65}},{"start":{"line":92,"column":28},"end":{"line":92,"column":48}}]},"14":{"loc":{"start":{"line":101,"column":28},"end":{"line":101,"column":77}},"type":"cond-expr","locations":[{"start":{"line":101,"column":71},"end":{"line":101,"column":75}},{"start":{"line":101,"column":75},"end":{"line":101,"column":77}}]},"15":{"loc":{"start":{"line":101,"column":28},"end":{"line":101,"column":75}},"type":"binary-expr","locations":[{"start":{"line":101,"column":28},"end":{"line":101,"column":75}},{"start":{"line":101,"column":71},"end":{"line":101,"column":75}}]},"16":{"loc":{"start":{"line":106,"column":24},"end":{"line":106,"column":65}},"type":"cond-expr","locations":[{"start":{"line":106,"column":33},"end":{"line":106,"column":57}},{"start":{"line":106,"column":60},"end":{"line":106,"column":65}}]},"17":{"loc":{"start":{"line":124,"column":2},"end":{"line":130,"column":3}},"type":"if","locations":[{"start":{"line":124,"column":2},"end":{"line":130,"column":3}},{"start":{},"end":{}}]},"18":{"loc":{"start":{"line":125,"column":4},"end":{"line":129,"column":5}},"type":"if","locations":[{"start":{"line":125,"column":4},"end":{"line":129,"column":5}},{"start":{"line":127,"column":11},"end":{"line":129,"column":5}}]},"19":{"loc":{"start":{"line":126,"column":14},"end":{"line":126,"column":49}},"type":"cond-expr","locations":[{"start":{"line":126,"column":19},"end":{"line":126,"column":21}},{"start":{"line":126,"column":14},"end":{"line":126,"column":49}}]},"20":{"loc":{"start":{"line":126,"column":14},"end":{"line":126,"column":21}},"type":"binary-expr","locations":[{"start":{"line":126,"column":14},"end":{"line":126,"column":21}},{"start":{"line":126,"column":14},"end":{"line":126,"column":21}}]},"21":{"loc":{"start":{"line":128,"column":6},"end":{"line":128,"column":26}},"type":"cond-expr","locations":[{"start":{"line":128,"column":11},"end":{"line":128,"column":13}},{"start":{"line":128,"column":6},"end":{"line":128,"column":26}}]},"22":{"loc":{"start":{"line":128,"column":6},"end":{"line":128,"column":13}},"type":"binary-expr","locations":[{"start":{"line":128,"column":6},"end":{"line":128,"column":13}},{"start":{"line":128,"column":6},"end":{"line":128,"column":13}}]},"23":{"loc":{"start":{"line":131,"column":2},"end":{"line":135,"column":3}},"type":"if","locations":[{"start":{"line":131,"column":2},"end":{"line":135,"column":3}},{"start":{},"end":{}}]}},"s":{"0":1,"1":1,"2":1,"3":1,"4":1,"5":1,"6":1,"7":1,"8":0,"9":0,"10":0,"11":0,"12":0,"13":0,"14":0,"15":0,"16":0,"17":1,"18":1,"19":0,"20":0,"21":0,"22":0,"23":0,"24":0,"25":0,"26":0,"27":1,"28":0,"29":0,"30":0,"31":0,"32":0,"33":0,"34":0,"35":0,"36":0},"f":{"0":0,"1":0,"2":0,"3":0,"4":0,"5":0,"6":0,"7":0,"8":0,"9":0,"10":0,"11":0},"b":{"0":[0,0],"1":[0,0],"2":[0,0],"3":[0,0],"4":[0,0],"5":[0],"6":[0,0],"7":[0,0],"8":[0,0],"9":[0,0],"10":[0,0],"11":[0,0],"12":[0,0],"13":[0,0],"14":[0,0],"15":[0,0],"16":[0,0],"17":[0,0],"18":[0,0],"19":[0,0],"20":[0,0],"21":[0,0],"22":[0,0],"23":[0,0]}}
,"/Users/mac/Desktop/Work/gamalearn-exam/src/utils/utils.ts": {"path":"/Users/mac/Desktop/Work/gamalearn-exam/src/utils/utils.ts","statementMap":{"0":{"start":{"line":1,"column":27},"end":{"line":10,"column":1}},"1":{"start":{"line":2,"column":4},"end":{"line":9,"column":null}},"2":{"start":{"line":1,"column":13},"end":{"line":1,"column":27}},"3":{"start":{"line":12,"column":26},"end":{"line":14,"column":1}},"4":{"start":{"line":13,"column":2},"end":{"line":13,"column":79}},"5":{"start":{"line":13,"column":47},"end":{"line":13,"column":77}},"6":{"start":{"line":12,"column":13},"end":{"line":12,"column":26}}},"fnMap":{"0":{"name":"(anonymous_0)","decl":{"start":{"line":1,"column":27},"end":{"line":1,"column":28}},"loc":{"start":{"line":1,"column":43},"end":{"line":10,"column":1}}},"1":{"name":"(anonymous_1)","decl":{"start":{"line":12,"column":26},"end":{"line":12,"column":30}},"loc":{"start":{"line":12,"column":44},"end":{"line":14,"column":1}}},"2":{"name":"(anonymous_2)","decl":{"start":{"line":13,"column":22},"end":{"line":13,"column":23}},"loc":{"start":{"line":13,"column":47},"end":{"line":13,"column":77}}}},"branchMap":{},"s":{"0":1,"1":0,"2":1,"3":1,"4":0,"5":0,"6":1},"f":{"0":0,"1":0,"2":0},"b":{}}
}
