TN:
SF:src/components/AssessmentFilters.tsx
FN:28,(anonymous_0)
FN:29,(anonymous_1)
FN:32,(anonymous_2)
FN:33,(anonymous_3)
FN:34,(anonymous_4)
FN:53,(anonymous_5)
FN:72,(anonymous_6)
FN:91,(anonymous_7)
FN:110,(anonymous_8)
FNF:9
FNH:8
FNDA:5,(anonymous_0)
FNDA:0,(anonymous_1)
FNDA:10,(anonymous_2)
FNDA:10,(anonymous_3)
FNDA:10,(anonymous_4)
FNDA:10,(anonymous_5)
FNDA:10,(anonymous_6)
FNDA:10,(anonymous_7)
FNDA:10,(anonymous_8)
DA:2,1
DA:28,1
DA:29,5
DA:30,0
DA:32,10
DA:33,10
DA:34,10
DA:36,5
DA:54,10
DA:73,10
DA:92,10
DA:111,10
DA:133,1
LF:13
LH:12
BRDA:53,0,0,0
BRDA:53,0,1,5
BRDA:53,1,0,5
BRDA:53,1,1,5
BRDA:72,2,0,0
BRDA:72,2,1,5
BRDA:72,3,0,5
BRDA:72,3,1,5
BRDA:91,4,0,0
BRDA:91,4,1,5
BRDA:91,5,0,5
BRDA:91,5,1,5
BRDA:110,6,0,0
BRDA:110,6,1,5
BRDA:110,7,0,5
BRDA:110,7,1,5
BRF:16
BRH:12
end_of_record
TN:
SF:src/components/ExamineesFilters.tsx
FN:32,(anonymous_1)
FN:43,(anonymous_2)
FN:51,(anonymous_3)
FN:53,(anonymous_4)
FN:54,(anonymous_5)
FN:58,(anonymous_6)
FN:59,(anonymous_7)
FN:63,(anonymous_8)
FN:66,(anonymous_9)
FN:70,(anonymous_10)
FN:74,(anonymous_11)
FN:96,(anonymous_12)
FN:119,(anonymous_13)
FN:121,(anonymous_14)
FN:122,(anonymous_15)
FN:127,(anonymous_16)
FN:149,(anonymous_17)
FN:161,(anonymous_18)
FNF:18
FNH:13
FNDA:10,(anonymous_1)
FNDA:1,(anonymous_2)
FNDA:7,(anonymous_3)
FNDA:14,(anonymous_4)
FNDA:14,(anonymous_5)
FNDA:6,(anonymous_6)
FNDA:0,(anonymous_7)
FNDA:6,(anonymous_8)
FNDA:7,(anonymous_9)
FNDA:0,(anonymous_10)
FNDA:0,(anonymous_11)
FNDA:14,(anonymous_12)
FNDA:14,(anonymous_13)
FNDA:0,(anonymous_14)
FNDA:0,(anonymous_15)
FNDA:13,(anonymous_16)
FNDA:14,(anonymous_17)
FNDA:1,(anonymous_18)
DA:1,1
DA:2,1
DA:15,1
DA:32,1
DA:33,10
DA:35,9
DA:36,2
DA:39,7
DA:43,1
DA:51,1
DA:52,7
DA:53,14
DA:54,14
DA:56,7
DA:58,7
DA:59,6
DA:60,0
DA:63,6
DA:66,7
DA:67,7
DA:70,7
DA:71,0
DA:74,7
DA:75,0
DA:78,7
DA:97,14
DA:119,14
DA:121,0
DA:123,0
DA:124,0
DA:128,13
DA:150,14
DA:162,1
DA:163,1
DA:164,1
DA:179,1
LF:36
LH:30
BRDA:35,0,0,2
BRDA:35,0,1,7
BRDA:67,1,0,0
BRDA:67,1,1,7
BRDA:75,2,0,0
BRDA:75,2,1,0
BRDA:96,3,0,0
BRDA:96,3,1,7
BRDA:96,4,0,7
BRDA:96,4,1,7
BRDA:123,5,0,0
BRDA:123,5,1,0
BRDA:149,6,0,0
BRDA:149,6,1,7
BRDA:149,7,0,7
BRDA:149,7,1,7
BRDA:162,8,0,0
BRDA:162,8,1,1
BRDA:162,9,0,1
BRDA:162,9,1,1
BRF:20
BRH:12
end_of_record
TN:
SF:src/components/DropdownTreeSelect/DropDownTreeSelect.tsx
FN:15,(anonymous_1)
FN:22,(anonymous_2)
FN:23,(anonymous_3)
FN:32,(anonymous_4)
FN:35,(anonymous_5)
FN:37,(anonymous_6)
FN:40,(anonymous_7)
FN:47,(anonymous_8)
FN:56,(anonymous_9)
FN:57,(anonymous_10)
FN:65,(anonymous_11)
FN:69,(anonymous_12)
FN:71,(anonymous_13)
FN:76,(anonymous_14)
FN:78,(anonymous_15)
FN:96,(anonymous_16)
FN:104,(anonymous_17)
FN:105,(anonymous_18)
FN:106,(anonymous_19)
FN:109,(anonymous_20)
FN:118,(anonymous_21)
FN:121,(anonymous_22)
FNF:22
FNH:6
FNDA:13,(anonymous_1)
FNDA:6,(anonymous_2)
FNDA:12,(anonymous_3)
FNDA:12,(anonymous_4)
FNDA:0,(anonymous_5)
FNDA:12,(anonymous_6)
FNDA:0,(anonymous_7)
FNDA:0,(anonymous_8)
FNDA:0,(anonymous_9)
FNDA:0,(anonymous_10)
FNDA:0,(anonymous_11)
FNDA:0,(anonymous_12)
FNDA:0,(anonymous_13)
FNDA:0,(anonymous_14)
FNDA:0,(anonymous_15)
FNDA:0,(anonymous_16)
FNDA:0,(anonymous_17)
FNDA:0,(anonymous_18)
FNDA:0,(anonymous_19)
FNDA:0,(anonymous_20)
FNDA:13,(anonymous_21)
FNDA:0,(anonymous_22)
DA:1,1
DA:2,1
DA:3,1
DA:5,1
DA:15,1
DA:22,13
DA:23,6
DA:24,12
DA:28,13
DA:29,13
DA:30,13
DA:32,13
DA:33,12
DA:34,12
DA:35,0
DA:37,12
DA:39,12
DA:40,12
DA:41,0
DA:44,12
DA:47,13
DA:48,0
DA:56,0
DA:58,0
DA:65,0
DA:70,0
DA:71,0
DA:72,0
DA:76,0
DA:78,0
DA:87,13
DA:98,0
DA:99,0
DA:104,0
DA:105,0
DA:106,0
DA:110,0
DA:119,13
DA:121,0
DA:133,1
LF:40
LH:22
BRDA:32,0,0,0
BRDA:33,1,0,0
BRDA:33,1,1,12
BRDA:34,2,0,0
BRDA:34,2,1,12
BRDA:39,3,0,12
BRDA:39,3,1,0
BRDA:54,4,0,0
BRDA:54,4,1,0
BRDA:67,5,0,0
BRDA:67,5,1,0
BRDA:70,6,0,0
BRDA:70,6,1,0
BRDA:71,7,0,0
BRDA:71,7,1,0
BRDA:76,8,0,0
BRDA:76,8,1,0
BRDA:76,9,0,0
BRDA:76,9,1,0
BRDA:76,10,0,0
BRDA:76,10,1,0
BRDA:76,11,0,0
BRDA:76,11,1,0
BRDA:76,12,0,0
BRDA:76,12,1,0
BRDA:76,13,0,0
BRDA:76,13,1,0
BRDA:78,14,0,0
BRDA:78,14,1,0
BRDA:78,15,0,0
BRDA:78,15,1,0
BRDA:78,16,0,0
BRDA:78,16,1,0
BRDA:78,17,0,0
BRDA:78,17,1,0
BRDA:78,18,0,0
BRDA:78,18,1,0
BRDA:78,19,0,0
BRDA:78,19,1,0
BRDA:93,20,0,0
BRDA:93,20,1,13
BRDA:93,21,0,13
BRDA:93,21,1,13
BRDA:98,22,0,0
BRDA:98,22,1,0
BRF:45
BRH:6
end_of_record
TN:
SF:src/components/DropdownTreeSelect/components/CustomTreeItem.tsx
FN:16,(anonymous_1)
FN:23,(anonymous_2)
FN:27,(anonymous_3)
FN:32,(anonymous_4)
FN:41,(anonymous_5)
FNF:5
FNH:0
FNDA:0,(anonymous_1)
FNDA:0,(anonymous_2)
FNDA:0,(anonymous_3)
FNDA:0,(anonymous_4)
FNDA:0,(anonymous_5)
DA:1,1
DA:2,1
DA:3,1
DA:4,1
DA:16,1
DA:23,0
DA:24,0
DA:25,0
DA:27,0
DA:32,0
DA:33,0
DA:42,0
DA:43,0
DA:55,0
LF:14
LH:5
BRDA:26,0,0,0
BRDA:26,0,1,0
BRDA:42,1,0,0
BRDA:42,1,1,0
BRDA:42,2,0,0
BRDA:42,2,1,0
BRF:6
BRH:0
end_of_record
TN:
SF:src/components/DropdownTreeSelect/components/TreeViewSearch.tsx
FN:17,(anonymous_1)
FN:25,(anonymous_2)
FN:44,(anonymous_3)
FN:55,(anonymous_4)
FN:64,(anonymous_5)
FN:68,(anonymous_6)
FN:87,(anonymous_7)
FN:91,(anonymous_8)
FN:98,(anonymous_9)
FN:119,(anonymous_10)
FN:126,(anonymous_11)
FN:132,(anonymous_12)
FNF:12
FNH:0
FNDA:0,(anonymous_1)
FNDA:0,(anonymous_2)
FNDA:0,(anonymous_3)
FNDA:0,(anonymous_4)
FNDA:0,(anonymous_5)
FNDA:0,(anonymous_6)
FNDA:0,(anonymous_7)
FNDA:0,(anonymous_8)
FNDA:0,(anonymous_9)
FNDA:0,(anonymous_10)
FNDA:0,(anonymous_11)
FNDA:0,(anonymous_12)
DA:1,1
DA:2,1
DA:3,1
DA:4,1
DA:5,1
DA:6,1
DA:8,1
DA:17,1
DA:24,0
DA:25,0
DA:26,0
DA:27,0
DA:28,0
DA:30,0
DA:35,0
DA:37,0
DA:44,0
DA:55,1
DA:63,0
DA:65,0
DA:68,0
DA:88,0
DA:89,0
DA:91,0
DA:99,0
DA:119,1
DA:124,0
DA:125,0
DA:126,0
DA:128,0
DA:131,0
DA:132,0
DA:133,0
DA:136,0
LF:34
LH:10
BRDA:26,0,0,0
BRDA:26,0,1,0
BRDA:27,1,0,0
BRDA:27,1,1,0
BRDA:44,2,0,0
BRDA:44,2,1,0
BRDA:44,3,0,0
BRDA:44,3,1,0
BRDA:44,4,0,0
BRDA:44,4,1,0
BRDA:59,5,0,0
BRDA:63,6,0,0
BRDA:63,6,1,0
BRDA:65,7,0,0
BRDA:65,7,1,0
BRDA:68,8,0,0
BRDA:68,8,1,0
BRDA:68,9,0,0
BRDA:68,9,1,0
BRDA:68,10,0,0
BRDA:68,10,1,0
BRDA:68,11,0,0
BRDA:68,11,1,0
BRDA:69,12,0,0
BRDA:69,12,1,0
BRDA:90,13,0,0
BRDA:90,13,1,0
BRDA:101,14,0,0
BRDA:101,14,1,0
BRDA:101,15,0,0
BRDA:101,15,1,0
BRDA:106,16,0,0
BRDA:106,16,1,0
BRDA:124,17,0,0
BRDA:124,17,1,0
BRDA:125,18,0,0
BRDA:125,18,1,0
BRDA:126,19,0,0
BRDA:126,19,1,0
BRDA:126,20,0,0
BRDA:126,20,1,0
BRDA:128,21,0,0
BRDA:128,21,1,0
BRDA:128,22,0,0
BRDA:128,22,1,0
BRDA:131,23,0,0
BRDA:131,23,1,0
BRF:47
BRH:0
end_of_record
TN:
SF:src/utils/utils.ts
FN:1,(anonymous_0)
FN:12,(anonymous_1)
FN:13,(anonymous_2)
FNF:3
FNH:0
FNDA:0,(anonymous_0)
FNDA:0,(anonymous_1)
FNDA:0,(anonymous_2)
DA:1,1
DA:2,0
DA:12,1
DA:13,0
LF:4
LH:2
BRF:0
BRH:0
end_of_record
